This file contains any messages produced by compilers while
running configure, to aid debugging if configure makes a mistake.

It was created by configure, which was
generated by GNU Autoconf 2.69.  Invocation command line was

  $ ./configure 

## --------- ##
## Platform. ##
## --------- ##

hostname = node-008
uname -m = x86_64
uname -r = 5.15.0-136-generic
uname -s = Linux
uname -v = #147-Ubuntu SMP Sat Mar 15 15:53:30 UTC 2025

/usr/bin/uname -p = x86_64
/bin/uname -X     = unknown

/bin/arch              = x86_64
/usr/bin/arch -k       = unknown
/usr/convex/getsysinfo = unknown
/usr/bin/hostinfo      = unknown
/bin/machine           = unknown
/usr/bin/oslevel       = unknown
/bin/universe          = unknown

PATH: /usr/local/sbin
PATH: /usr/local/bin
PATH: /usr/sbin
PATH: /usr/bin
PATH: /sbin
PATH: /bin
PATH: /usr/games
PATH: /usr/local/games
PATH: /snap/bin


## ----------- ##
## Core tests. ##
## ----------- ##

configure:2279: checking build system type
configure:2293: result: x86_64-unknown-linux-gnu
configure:2313: checking host system type
configure:2326: result: x86_64-unknown-linux-gnu
configure:2418: checking for gcc
configure:2445: result: gcc
configure:2674: checking for C compiler version
configure:2683: gcc --version >&5
gcc (Ubuntu 11.4.0-1ubuntu1~22.04) 11.4.0
Copyright (C) 2021 Free Software Foundation, Inc.
This is free software; see the source for copying conditions.  There is NO
warranty; not even for MERCHANTABILITY or FITNESS FOR A PARTICULAR PURPOSE.

configure:2694: $? = 0
configure:2683: gcc -v >&5
Using built-in specs.
COLLECT_GCC=gcc
COLLECT_LTO_WRAPPER=/usr/lib/gcc/x86_64-linux-gnu/11/lto-wrapper
OFFLOAD_TARGET_NAMES=nvptx-none:amdgcn-amdhsa
OFFLOAD_TARGET_DEFAULT=1
Target: x86_64-linux-gnu
Configured with: ../src/configure -v --with-pkgversion='Ubuntu 11.4.0-1ubuntu1~22.04' --with-bugurl=file:///usr/share/doc/gcc-11/README.Bugs --enable-languages=c,ada,c++,go,brig,d,fortran,objc,obj-c++,m2 --prefix=/usr --with-gcc-major-version-only --program-suffix=-11 --program-prefix=x86_64-linux-gnu- --enable-shared --enable-linker-build-id --libexecdir=/usr/lib --without-included-gettext --enable-threads=posix --libdir=/usr/lib --enable-nls --enable-bootstrap --enable-clocale=gnu --enable-libstdcxx-debug --enable-libstdcxx-time=yes --with-default-libstdcxx-abi=new --enable-gnu-unique-object --disable-vtable-verify --enable-plugin --enable-default-pie --with-system-zlib --enable-libphobos-checking=release --with-target-system-zlib=auto --enable-objc-gc=auto --enable-multiarch --disable-werror --enable-cet --with-arch-32=i686 --with-abi=m64 --with-multilib-list=m32,m64,mx32 --enable-multilib --with-tune=generic --enable-offload-targets=nvptx-none=/build/gcc-11-XeT9lY/gcc-11-11.4.0/debian/tmp-nvptx/usr,amdgcn-amdhsa=/build/gcc-11-XeT9lY/gcc-11-11.4.0/debian/tmp-gcn/usr --without-cuda-driver --enable-checking=release --build=x86_64-linux-gnu --host=x86_64-linux-gnu --target=x86_64-linux-gnu --with-build-config=bootstrap-lto-lean --enable-link-serialization=2
Thread model: posix
Supported LTO compression algorithms: zlib zstd
gcc version 11.4.0 (Ubuntu 11.4.0-1ubuntu1~22.04) 
... rest of stderr output deleted ...
configure:2694: $? = 0
configure:2683: gcc -V >&5
gcc: error: unrecognized command-line option '-V'
gcc: fatal error: no input files
compilation terminated.
configure:2694: $? = 1
configure:2683: gcc -qversion >&5
gcc: error: unrecognized command-line option '-qversion'; did you mean '--version'?
gcc: fatal error: no input files
compilation terminated.
configure:2694: $? = 1
configure:2714: checking whether the C compiler works
configure:2736: gcc    conftest.c  >&5
configure:2740: $? = 0
configure:2788: result: yes
configure:2791: checking for C compiler default output file name
configure:2793: result: a.out
configure:2799: checking for suffix of executables
configure:2806: gcc -o conftest    conftest.c  >&5
configure:2810: $? = 0
configure:2832: result: 
configure:2854: checking whether we are cross compiling
configure:2862: gcc -o conftest    conftest.c  >&5
configure:2866: $? = 0
configure:2873: ./conftest
configure:2877: $? = 0
configure:2892: result: no
configure:2897: checking for suffix of object files
configure:2919: gcc -c   conftest.c >&5
configure:2923: $? = 0
configure:2944: result: o
configure:2948: checking whether we are using the GNU C compiler
configure:2967: gcc -c   conftest.c >&5
configure:2967: $? = 0
configure:2976: result: yes
configure:2985: checking whether gcc accepts -g
configure:3005: gcc -c -g  conftest.c >&5
configure:3005: $? = 0
configure:3046: result: yes
configure:3063: checking for gcc option to accept ISO C89
configure:3126: gcc  -c -g -O2  conftest.c >&5
configure:3126: $? = 0
configure:3139: result: none needed
configure:3159: checking for GNU make
configure:3178: result: make
configure:3242: checking for pkg-config
configure:3275: result: no
configure:3332: checking how to run the C preprocessor
configure:3363: gcc -E  conftest.c
configure:3363: $? = 0
configure:3377: gcc -E  conftest.c
conftest.c:9:10: fatal error: ac_nonexistent.h: No such file or directory
    9 | #include <ac_nonexistent.h>
      |          ^~~~~~~~~~~~~~~~~~
compilation terminated.
configure:3377: $? = 1
configure: failed program was:
| /* confdefs.h */
| #define PACKAGE_NAME ""
| #define PACKAGE_TARNAME ""
| #define PACKAGE_VERSION ""
| #define PACKAGE_STRING ""
| #define PACKAGE_BUGREPORT ""
| #define PACKAGE_URL ""
| /* end confdefs.h.  */
| #include <ac_nonexistent.h>
configure:3402: result: gcc -E
configure:3422: gcc -E  conftest.c
configure:3422: $? = 0
configure:3436: gcc -E  conftest.c
conftest.c:9:10: fatal error: ac_nonexistent.h: No such file or directory
    9 | #include <ac_nonexistent.h>
      |          ^~~~~~~~~~~~~~~~~~
compilation terminated.
configure:3436: $? = 1
configure: failed program was:
| /* confdefs.h */
| #define PACKAGE_NAME ""
| #define PACKAGE_TARNAME ""
| #define PACKAGE_VERSION ""
| #define PACKAGE_STRING ""
| #define PACKAGE_BUGREPORT ""
| #define PACKAGE_URL ""
| /* end confdefs.h.  */
| #include <ac_nonexistent.h>
configure:3465: checking for grep that handles long lines and -e
configure:3523: result: /usr/bin/grep
configure:3528: checking for egrep
configure:3590: result: /usr/bin/grep -E
configure:3595: checking for ANSI C header files
configure:3615: gcc -c -g -O2  conftest.c >&5
configure:3615: $? = 0
configure:3688: gcc -o conftest -g -O2   conftest.c  >&5
configure:3688: $? = 0
configure:3688: ./conftest
configure:3688: $? = 0
configure:3699: result: yes
configure:3712: checking for sys/types.h
configure:3712: gcc -c -g -O2  conftest.c >&5
configure:3712: $? = 0
configure:3712: result: yes
configure:3712: checking for sys/stat.h
configure:3712: gcc -c -g -O2  conftest.c >&5
configure:3712: $? = 0
configure:3712: result: yes
configure:3712: checking for stdlib.h
configure:3712: gcc -c -g -O2  conftest.c >&5
configure:3712: $? = 0
configure:3712: result: yes
configure:3712: checking for string.h
configure:3712: gcc -c -g -O2  conftest.c >&5
configure:3712: $? = 0
configure:3712: result: yes
configure:3712: checking for memory.h
configure:3712: gcc -c -g -O2  conftest.c >&5
configure:3712: $? = 0
configure:3712: result: yes
configure:3712: checking for strings.h
configure:3712: gcc -c -g -O2  conftest.c >&5
configure:3712: $? = 0
configure:3712: result: yes
configure:3712: checking for inttypes.h
configure:3712: gcc -c -g -O2  conftest.c >&5
configure:3712: $? = 0
configure:3712: result: yes
configure:3712: checking for stdint.h
configure:3712: gcc -c -g -O2  conftest.c >&5
configure:3712: $? = 0
configure:3712: result: yes
configure:3712: checking for unistd.h
configure:3712: gcc -c -g -O2  conftest.c >&5
configure:3712: $? = 0
configure:3712: result: yes
configure:3724: checking for size_t
configure:3724: gcc -c -g -O2  conftest.c >&5
configure:3724: $? = 0
configure:3724: gcc -c -g -O2  conftest.c >&5
conftest.c: In function 'main':
conftest.c:55:21: error: expected expression before ')' token
   55 | if (sizeof ((size_t)))
      |                     ^
configure:3724: $? = 1
configure: failed program was:
| /* confdefs.h */
| #define PACKAGE_NAME ""
| #define PACKAGE_TARNAME ""
| #define PACKAGE_VERSION ""
| #define PACKAGE_STRING ""
| #define PACKAGE_BUGREPORT ""
| #define PACKAGE_URL ""
| #define STDC_HEADERS 1
| #define HAVE_SYS_TYPES_H 1
| #define HAVE_SYS_STAT_H 1
| #define HAVE_STDLIB_H 1
| #define HAVE_STRING_H 1
| #define HAVE_MEMORY_H 1
| #define HAVE_STRINGS_H 1
| #define HAVE_INTTYPES_H 1
| #define HAVE_STDINT_H 1
| #define HAVE_UNISTD_H 1
| /* end confdefs.h.  */
| #include <stdio.h>
| #ifdef HAVE_SYS_TYPES_H
| # include <sys/types.h>
| #endif
| #ifdef HAVE_SYS_STAT_H
| # include <sys/stat.h>
| #endif
| #ifdef STDC_HEADERS
| # include <stdlib.h>
| # include <stddef.h>
| #else
| # ifdef HAVE_STDLIB_H
| #  include <stdlib.h>
| # endif
| #endif
| #ifdef HAVE_STRING_H
| # if !defined STDC_HEADERS && defined HAVE_MEMORY_H
| #  include <memory.h>
| # endif
| # include <string.h>
| #endif
| #ifdef HAVE_STRINGS_H
| # include <strings.h>
| #endif
| #ifdef HAVE_INTTYPES_H
| # include <inttypes.h>
| #endif
| #ifdef HAVE_STDINT_H
| # include <stdint.h>
| #endif
| #ifdef HAVE_UNISTD_H
| # include <unistd.h>
| #endif
| int
| main ()
| {
| if (sizeof ((size_t)))
| 	    return 0;
|   ;
|   return 0;
| }
configure:3724: result: yes
configure:3737: checking for working alloca.h
configure:3754: gcc -o conftest -g -O2   conftest.c  >&5
configure:3754: $? = 0
configure:3762: result: yes
configure:3770: checking for alloca
configure:3807: gcc -o conftest -g -O2   conftest.c  >&5
configure:3807: $? = 0
configure:3815: result: yes
configure:3924: checking for asprintf
configure:3924: gcc -o conftest -g -O2   conftest.c  >&5
configure:3924: $? = 0
configure:3924: result: yes
configure:3924: checking for getloadavg
configure:3924: gcc -o conftest -g -O2   conftest.c  >&5
configure:3924: $? = 0
configure:3924: result: yes
configure:3924: checking for setenv
configure:3924: gcc -o conftest -g -O2   conftest.c  >&5
configure:3924: $? = 0
configure:3924: result: yes
configure:3924: checking for strcasestr
configure:3924: gcc -o conftest -g -O2   conftest.c  >&5
configure:3924: $? = 0
configure:3924: result: yes
configure:3924: checking for strndup
configure:3924: gcc -o conftest -g -O2   conftest.c  >&5
conftest.c:48:6: warning: conflicting types for built-in function 'strndup'; expected 'char *(const char *, long unsigned int)' [-Wbuiltin-declaration-mismatch]
   48 | char strndup ();
      |      ^~~~~~~
configure:3924: $? = 0
configure:3924: result: yes
configure:3924: checking for strnlen
configure:3924: gcc -o conftest -g -O2   conftest.c  >&5
conftest.c:49:6: warning: conflicting types for built-in function 'strnlen'; expected 'long unsigned int(const char *, long unsigned int)' [-Wbuiltin-declaration-mismatch]
   49 | char strnlen ();
      |      ^~~~~~~
configure:3924: $? = 0
configure:3924: result: yes
configure:3924: checking for strsep
configure:3924: gcc -o conftest -g -O2   conftest.c  >&5
configure:3924: $? = 0
configure:3924: result: yes
configure:3924: checking for unsetenv
configure:3924: gcc -o conftest -g -O2   conftest.c  >&5
configure:3924: $? = 0
configure:3924: result: yes
configure:3924: checking for vasprintf
configure:3924: gcc -o conftest -g -O2   conftest.c  >&5
configure:3924: $? = 0
configure:3924: result: yes
configure:4111: checking for newtBell in -lnewt
configure:4136: gcc -o conftest -g -O2    conftest.c -lnewt    >&5
/usr/bin/ld: cannot find -lnewt: No such file or directory
collect2: error: ld returned 1 exit status
configure:4136: $? = 1
configure: failed program was:
| /* confdefs.h */
| #define PACKAGE_NAME ""
| #define PACKAGE_TARNAME ""
| #define PACKAGE_VERSION ""
| #define PACKAGE_STRING ""
| #define PACKAGE_BUGREPORT ""
| #define PACKAGE_URL ""
| #define STDC_HEADERS 1
| #define HAVE_SYS_TYPES_H 1
| #define HAVE_SYS_STAT_H 1
| #define HAVE_STDLIB_H 1
| #define HAVE_STRING_H 1
| #define HAVE_MEMORY_H 1
| #define HAVE_STRINGS_H 1
| #define HAVE_INTTYPES_H 1
| #define HAVE_STDINT_H 1
| #define HAVE_UNISTD_H 1
| #define HAVE_ALLOCA_H 1
| #define HAVE_ALLOCA 1
| #define HAVE_ASPRINTF 1
| #define HAVE_GETLOADAVG 1
| #define HAVE_SETENV 1
| #define HAVE_STRCASESTR 1
| #define HAVE_STRNDUP 1
| #define HAVE_STRNLEN 1
| #define HAVE_STRSEP 1
| #define HAVE_UNSETENV 1
| #define HAVE_VASPRINTF 1
| /* end confdefs.h.  */
| 
| /* Override any GCC internal prototype to avoid an error.
|    Use char because int might match the return type of a GCC
|    builtin and then its argument prototype would still apply.  */
| #ifdef __cplusplus
| extern "C"
| #endif
| char newtBell ();
| int
| main ()
| {
| return newtBell ();
|   ;
|   return 0;
| }
configure:4145: result: no
configure:4207: checking for initscr in -lncurses
configure:4232: gcc -o conftest -g -O2    conftest.c -lncurses    >&5
configure:4232: $? = 0
configure:4241: result: yes
configure:4264: checking ncurses.h usability
configure:4264: gcc -c -g -O2    conftest.c >&5
configure:4264: $? = 0
configure:4264: result: yes
configure:4264: checking ncurses.h presence
configure:4264: gcc -E    conftest.c
configure:4264: $? = 0
configure:4264: result: yes
configure:4264: checking for ncurses.h
configure:4264: result: yes
configure:4603: checking for keypad in -ltinfo
configure:4628: gcc -o conftest -g -O2    conftest.c -ltinfo    >&5
configure:4628: $? = 0
configure:4637: result: yes
configure:4660: checking for ncurses.h
configure:4660: result: yes
configure:4785: checking for a sed that does not truncate output
configure:4849: result: /usr/bin/sed
configure:4858: checking for LIBXML2
configure:4920: result: no
configure:4992: checking for xml2-config
configure:5011: found /bin/xml2-config
configure:5023: result: /bin/xml2-config
configure:5071: gcc -o conftest -g -O2  -I/usr/include/libxml2  conftest.c -lxml2 >&5
configure:5071: $? = 0
configure:5093: checking for GTK2
configure:5155: result: no
configure:5291: creating ./config.status

## ---------------------- ##
## Running config.status. ##
## ---------------------- ##

This file was extended by config.status, which was
generated by GNU Autoconf 2.69.  Invocation command line was

  CONFIG_FILES    = 
  CONFIG_HEADERS  = 
  CONFIG_LINKS    = 
  CONFIG_COMMANDS = 
  $ ./config.status 

on node-008

config.status:857: creating makeopts
config.status:857: creating autoconfig.h
configure:6450: Menuselect build configuration successfully completed

## ---------------- ##
## Cache variables. ##
## ---------------- ##

ac_cv_GNU_MAKE=make
ac_cv_GNU_MAKE_VERSION_MAJOR=4
ac_cv_GNU_MAKE_VERSION_MINOR=3
ac_cv_build=x86_64-unknown-linux-gnu
ac_cv_c_compiler_gnu=yes
ac_cv_env_CC_set=set
ac_cv_env_CC_value=gcc
ac_cv_env_CFLAGS_set=
ac_cv_env_CFLAGS_value=
ac_cv_env_CPPFLAGS_set=
ac_cv_env_CPPFLAGS_value=
ac_cv_env_CPP_set=
ac_cv_env_CPP_value=
ac_cv_env_GTK2_CFLAGS_set=
ac_cv_env_GTK2_CFLAGS_value=
ac_cv_env_GTK2_LIBS_set=
ac_cv_env_GTK2_LIBS_value=
ac_cv_env_LDFLAGS_set=
ac_cv_env_LDFLAGS_value=
ac_cv_env_LIBS_set=
ac_cv_env_LIBS_value=
ac_cv_env_LIBXML2_CFLAGS_set=
ac_cv_env_LIBXML2_CFLAGS_value=
ac_cv_env_LIBXML2_LIBS_set=
ac_cv_env_LIBXML2_LIBS_value=
ac_cv_env_PKG_CONFIG_LIBDIR_set=
ac_cv_env_PKG_CONFIG_LIBDIR_value=
ac_cv_env_PKG_CONFIG_PATH_set=
ac_cv_env_PKG_CONFIG_PATH_value=
ac_cv_env_PKG_CONFIG_set=
ac_cv_env_PKG_CONFIG_value=
ac_cv_env_build_alias_set=
ac_cv_env_build_alias_value=
ac_cv_env_host_alias_set=
ac_cv_env_host_alias_value=
ac_cv_env_target_alias_set=
ac_cv_env_target_alias_value=
ac_cv_func_alloca_works=yes
ac_cv_func_asprintf=yes
ac_cv_func_getloadavg=yes
ac_cv_func_setenv=yes
ac_cv_func_strcasestr=yes
ac_cv_func_strndup=yes
ac_cv_func_strnlen=yes
ac_cv_func_strsep=yes
ac_cv_func_unsetenv=yes
ac_cv_func_vasprintf=yes
ac_cv_header_inttypes_h=yes
ac_cv_header_memory_h=yes
ac_cv_header_ncurses_h=yes
ac_cv_header_stdc=yes
ac_cv_header_stdint_h=yes
ac_cv_header_stdlib_h=yes
ac_cv_header_string_h=yes
ac_cv_header_strings_h=yes
ac_cv_header_sys_stat_h=yes
ac_cv_header_sys_types_h=yes
ac_cv_header_unistd_h=yes
ac_cv_host=x86_64-unknown-linux-gnu
ac_cv_lib_ncurses_initscr=yes
ac_cv_lib_newt_newtBell=no
ac_cv_lib_tinfo_keypad=yes
ac_cv_objext=o
ac_cv_path_EGREP='/usr/bin/grep -E'
ac_cv_path_GREP=/usr/bin/grep
ac_cv_path_SED=/usr/bin/sed
ac_cv_path_ac_pt_CONFIG_LIBXML2=/bin/xml2-config
ac_cv_prog_CPP='gcc -E'
ac_cv_prog_ac_ct_CC=gcc
ac_cv_prog_cc_c89=
ac_cv_prog_cc_g=yes
ac_cv_type_size_t=yes
ac_cv_working_alloca_h=yes

## ----------------- ##
## Output variables. ##
## ----------------- ##

ALLOCA=''
CC='gcc'
CFLAGS='-g -O2'
CONFIG_LIBXML2='/bin/xml2-config'
CPP='gcc -E'
CPPFLAGS=''
CURSES_DIR=''
CURSES_INCLUDE=''
CURSES_LIB=''
DEFS='-DHAVE_CONFIG_H'
ECHO_C=''
ECHO_N='-n'
ECHO_T=''
EGREP='/usr/bin/grep -E'
EXEEXT=''
GNU_MAKE='make'
GREP='/usr/bin/grep'
GTK2_CFLAGS=''
GTK2_INCLUDE=''
GTK2_LIB=''
GTK2_LIBS=''
HAVE_NCURSES_SUBDIR=''
HOST_OS='linux-gnu'
LDFLAGS=''
LIBOBJS=''
LIBS=''
LIBXML2_CFLAGS=''
LIBXML2_DIR=''
LIBXML2_INCLUDE='-I/usr/include/libxml2'
LIBXML2_LIB='-lxml2'
LIBXML2_LIBS=''
LTLIBOBJS=''
MENUSELECT_DEBUG=''
NCURSES_DIR=''
NCURSES_INCLUDE=' '
NCURSES_LIB=' -lncurses '
NEWT_DIR=''
NEWT_INCLUDE=''
NEWT_LIB=''
OBJEXT='o'
PACKAGE_BUGREPORT=''
PACKAGE_NAME=''
PACKAGE_STRING=''
PACKAGE_TARNAME=''
PACKAGE_URL=''
PACKAGE_VERSION=''
PATH_SEPARATOR=':'
PBX_CURSES='0'
PBX_GTK2='0'
PBX_LIBXML2='1'
PBX_NCURSES='1'
PBX_NEWT='0'
PBX_TINFO='1'
PKG_CONFIG=''
PKG_CONFIG_LIBDIR=''
PKG_CONFIG_PATH=''
SED='/usr/bin/sed'
SHELL='/bin/bash'
TINFO_DIR=''
TINFO_INCLUDE=' '
TINFO_LIB=' -ltinfo '
ac_ct_CC='gcc'
bindir='${exec_prefix}/bin'
build='x86_64-unknown-linux-gnu'
build_alias=''
build_cpu='x86_64'
build_os='linux-gnu'
build_vendor='unknown'
datadir='${datarootdir}'
datarootdir='${prefix}/share'
docdir='${datarootdir}/doc/${PACKAGE}'
dvidir='${docdir}'
exec_prefix='${prefix}'
host='x86_64-unknown-linux-gnu'
host_alias=''
host_cpu='x86_64'
host_os='linux-gnu'
host_vendor='unknown'
htmldir='${docdir}'
includedir='${prefix}/include'
infodir='${datarootdir}/info'
libdir='${exec_prefix}/lib'
libexecdir='${exec_prefix}/libexec'
localedir='${datarootdir}/locale'
localstatedir='${prefix}/var'
mandir='${datarootdir}/man'
oldincludedir='/usr/include'
pdfdir='${docdir}'
prefix='/usr/local'
program_transform_name='s,x,x,'
psdir='${docdir}'
runstatedir='${localstatedir}/run'
sbindir='${exec_prefix}/sbin'
sharedstatedir='${prefix}/com'
sysconfdir='${prefix}/etc'
target_alias=''

## ----------- ##
## confdefs.h. ##
## ----------- ##

/* confdefs.h */
#define PACKAGE_NAME ""
#define PACKAGE_TARNAME ""
#define PACKAGE_VERSION ""
#define PACKAGE_STRING ""
#define PACKAGE_BUGREPORT ""
#define PACKAGE_URL ""
#define STDC_HEADERS 1
#define HAVE_SYS_TYPES_H 1
#define HAVE_SYS_STAT_H 1
#define HAVE_STDLIB_H 1
#define HAVE_STRING_H 1
#define HAVE_MEMORY_H 1
#define HAVE_STRINGS_H 1
#define HAVE_INTTYPES_H 1
#define HAVE_STDINT_H 1
#define HAVE_UNISTD_H 1
#define HAVE_ALLOCA_H 1
#define HAVE_ALLOCA 1
#define HAVE_ASPRINTF 1
#define HAVE_GETLOADAVG 1
#define HAVE_SETENV 1
#define HAVE_STRCASESTR 1
#define HAVE_STRNDUP 1
#define HAVE_STRNLEN 1
#define HAVE_STRSEP 1
#define HAVE_UNSETENV 1
#define HAVE_VASPRINTF 1
#define HAVE_NCURSES 1
#define HAVE_TINFO 1
#define HAVE_LIBXML2 1

configure: exit 0
