This file contains any messages produced by compilers while
running configure, to aid debugging if configure makes a mistake.

It was created by configure, which was
generated by GNU Autoconf 2.71.  Invocation command line was

  $ ./configure

## --------- ##
## Platform. ##
## --------- ##

hostname = node-008
uname -m = x86_64
uname -r = 5.15.0-136-generic
uname -s = Linux
uname -v = #147-Ubuntu SMP Sat Mar 15 15:53:30 UTC 2025

/usr/bin/uname -p = x86_64
/bin/uname -X     = unknown

/bin/arch              = x86_64
/usr/bin/arch -k       = unknown
/usr/convex/getsysinfo = unknown
/usr/bin/hostinfo      = unknown
/bin/machine           = unknown
/usr/bin/oslevel       = unknown
/bin/universe          = unknown

PATH: /usr/local/sbin/
PATH: /usr/local/bin/
PATH: /usr/sbin/
PATH: /usr/bin/
PATH: /sbin/
PATH: /bin/
PATH: /usr/games/
PATH: /usr/local/games/
PATH: /snap/bin/


## ----------- ##
## Core tests. ##
## ----------- ##

configure:2689: looking for aux files: ltmain.sh config.guess config.sub compile missing install-sh
configure:2702:  trying ./
configure:2731:   ./ltmain.sh found
configure:2731:   ./config.guess found
configure:2731:   ./config.sub found
configure:2731:   ./compile found
configure:2731:   ./missing found
configure:2713:   ./install-sh found
configure:2878: checking for a BSD-compatible install
configure:2951: result: /usr/bin/install -c
configure:2962: checking whether build environment is sane
configure:3017: result: yes
configure:3176: checking for a race-free mkdir -p
configure:3220: result: /usr/bin/mkdir -p
configure:3227: checking for gawk
configure:3248: found /usr/bin/gawk
configure:3259: result: gawk
configure:3270: checking whether make sets $(MAKE)
configure:3293: result: yes
configure:3323: checking whether make supports nested variables
configure:3341: result: yes
configure:3494: checking whether make supports the include directive
configure:3509: make -f confmf.GNU && cat confinc.out
this is the am__doit target
configure:3512: $? = 0
configure:3531: result: yes (GNU style)
configure:3607: checking for gcc
configure:3628: found /usr/bin/gcc
configure:3639: result: gcc
configure:3992: checking for C compiler version
configure:4001: gcc --version >&5
gcc (Ubuntu 11.4.0-1ubuntu1~22.04) 11.4.0
Copyright (C) 2021 Free Software Foundation, Inc.
This is free software; see the source for copying conditions.  There is NO
warranty; not even for MERCHANTABILITY or FITNESS FOR A PARTICULAR PURPOSE.

configure:4012: $? = 0
configure:4001: gcc -v >&5
Using built-in specs.
COLLECT_GCC=gcc
COLLECT_LTO_WRAPPER=/usr/lib/gcc/x86_64-linux-gnu/11/lto-wrapper
OFFLOAD_TARGET_NAMES=nvptx-none:amdgcn-amdhsa
OFFLOAD_TARGET_DEFAULT=1
Target: x86_64-linux-gnu
Configured with: ../src/configure -v --with-pkgversion='Ubuntu 11.4.0-1ubuntu1~22.04' --with-bugurl=file:///usr/share/doc/gcc-11/README.Bugs --enable-languages=c,ada,c++,go,brig,d,fortran,objc,obj-c++,m2 --prefix=/usr --with-gcc-major-version-only --program-suffix=-11 --program-prefix=x86_64-linux-gnu- --enable-shared --enable-linker-build-id --libexecdir=/usr/lib --without-included-gettext --enable-threads=posix --libdir=/usr/lib --enable-nls --enable-bootstrap --enable-clocale=gnu --enable-libstdcxx-debug --enable-libstdcxx-time=yes --with-default-libstdcxx-abi=new --enable-gnu-unique-object --disable-vtable-verify --enable-plugin --enable-default-pie --with-system-zlib --enable-libphobos-checking=release --with-target-system-zlib=auto --enable-objc-gc=auto --enable-multiarch --disable-werror --enable-cet --with-arch-32=i686 --with-abi=m64 --with-multilib-list=m32,m64,mx32 --enable-multilib --with-tune=generic --enable-offload-targets=nvptx-none=/build/gcc-11-XeT9lY/gcc-11-11.4.0/debian/tmp-nvptx/usr,amdgcn-amdhsa=/build/gcc-11-XeT9lY/gcc-11-11.4.0/debian/tmp-gcn/usr --without-cuda-driver --enable-checking=release --build=x86_64-linux-gnu --host=x86_64-linux-gnu --target=x86_64-linux-gnu --with-build-config=bootstrap-lto-lean --enable-link-serialization=2
Thread model: posix
Supported LTO compression algorithms: zlib zstd
gcc version 11.4.0 (Ubuntu 11.4.0-1ubuntu1~22.04) 
... rest of stderr output deleted ...
configure:4012: $? = 0
configure:4001: gcc -V >&5
gcc: error: unrecognized command-line option '-V'
gcc: fatal error: no input files
compilation terminated.
configure:4012: $? = 1
configure:4001: gcc -qversion >&5
gcc: error: unrecognized command-line option '-qversion'; did you mean '--version'?
gcc: fatal error: no input files
compilation terminated.
configure:4012: $? = 1
configure:4001: gcc -version >&5
gcc: error: unrecognized command-line option '-version'
gcc: fatal error: no input files
compilation terminated.
configure:4012: $? = 1
configure:4032: checking whether the C compiler works
configure:4054: gcc    conftest.c  >&5
configure:4058: $? = 0
configure:4108: result: yes
configure:4111: checking for C compiler default output file name
configure:4113: result: a.out
configure:4119: checking for suffix of executables
configure:4126: gcc -o conftest    conftest.c  >&5
configure:4130: $? = 0
configure:4153: result: 
configure:4175: checking whether we are cross compiling
configure:4183: gcc -o conftest    conftest.c  >&5
configure:4187: $? = 0
configure:4194: ./conftest
configure:4198: $? = 0
configure:4213: result: no
configure:4218: checking for suffix of object files
configure:4241: gcc -c   conftest.c >&5
configure:4245: $? = 0
configure:4267: result: o
configure:4271: checking whether the compiler supports GNU C
configure:4291: gcc -c   conftest.c >&5
configure:4291: $? = 0
configure:4301: result: yes
configure:4312: checking whether gcc accepts -g
configure:4333: gcc -c -g  conftest.c >&5
configure:4333: $? = 0
configure:4377: result: yes
configure:4397: checking for gcc option to enable C11 features
configure:4412: gcc  -c -g -O2  conftest.c >&5
configure:4412: $? = 0
configure:4430: result: none needed
configure:4546: checking whether gcc understands -c and -o together
configure:4569: gcc -c conftest.c -o conftest2.o
configure:4572: $? = 0
configure:4569: gcc -c conftest.c -o conftest2.o
configure:4572: $? = 0
configure:4584: result: yes
configure:4603: checking dependency style of gcc
configure:4715: result: gcc3
configure:4732: checking whether make sets $(MAKE)
configure:4755: result: yes
configure:4770: checking build system type
configure:4785: result: x86_64-pc-linux-gnu
configure:4805: checking host system type
configure:4819: result: x86_64-pc-linux-gnu
configure:5219: checking how to print strings
configure:5246: result: printf
configure:5267: checking for a sed that does not truncate output
configure:5337: result: /usr/bin/sed
configure:5355: checking for grep that handles long lines and -e
configure:5419: result: /usr/bin/grep
configure:5424: checking for egrep
configure:5492: result: /usr/bin/grep -E
configure:5497: checking for fgrep
configure:5565: result: /usr/bin/grep -F
configure:5601: checking for ld used by gcc
configure:5669: result: /usr/bin/ld
configure:5676: checking if the linker (/usr/bin/ld) is GNU ld
configure:5692: result: yes
configure:5704: checking for BSD- or MS-compatible name lister (nm)
configure:5759: result: /usr/bin/nm -B
configure:5899: checking the name lister (/usr/bin/nm -B) interface
configure:5907: gcc -c -g -O2  conftest.c >&5
configure:5910: /usr/bin/nm -B "conftest.o"
configure:5913: output
0000000000000000 B some_variable
configure:5920: result: BSD nm
configure:5923: checking whether ln -s works
configure:5927: result: yes
configure:5935: checking the maximum length of command line arguments
configure:6067: result: 1572864
configure:6115: checking how to convert x86_64-pc-linux-gnu file names to x86_64-pc-linux-gnu format
configure:6156: result: func_convert_file_noop
configure:6163: checking how to convert x86_64-pc-linux-gnu file names to toolchain format
configure:6184: result: func_convert_file_noop
configure:6191: checking for /usr/bin/ld option to reload object files
configure:6199: result: -r
configure:6278: checking for objdump
configure:6310: result: objdump
configure:6339: checking how to recognize dependent libraries
configure:6540: result: pass_all
configure:6630: checking for dlltool
configure:6662: result: dlltool
configure:6692: checking how to associate runtime and link libraries
configure:6720: result: printf %s\n
configure:6786: checking for ar
configure:6807: found /usr/bin/ar
configure:6818: result: ar
configure:6855: checking for archiver @FILE support
configure:6873: gcc -c -g -O2  conftest.c >&5
configure:6873: $? = 0
configure:6877: ar cr libconftest.a @conftest.lst >&5
configure:6880: $? = 0
configure:6885: ar cr libconftest.a @conftest.lst >&5
ar: conftest.o: No such file or directory
configure:6888: $? = 1
configure:6900: result: @
configure:6963: checking for strip
configure:6984: found /usr/bin/strip
configure:6995: result: strip
configure:7072: checking for ranlib
configure:7093: found /usr/bin/ranlib
configure:7104: result: ranlib
configure:7206: checking command to parse /usr/bin/nm -B output from gcc object
configure:7360: gcc -c -g -O2  conftest.c >&5
configure:7363: $? = 0
configure:7367: /usr/bin/nm -B conftest.o | sed -n -e 's/^.*[	 ]\([ABCDGIRSTW][ABCDGIRSTW]*\)[	 ][	 ]*\([_A-Za-z][_A-Za-z0-9]*\)$/\1 \2 \2/p' | sed '/ __gnu_lto/d' > conftest.nm
configure:7433: gcc -o conftest -g -O2   conftest.c conftstm.o >&5
configure:7436: $? = 0
configure:7474: result: ok
configure:7521: checking for sysroot
configure:7552: result: no
configure:7559: checking for a working dd
configure:7603: result: /usr/bin/dd
configure:7607: checking how to truncate binary pipes
configure:7623: result: /usr/bin/dd bs=4096 count=1
configure:7760: gcc -c -g -O2  conftest.c >&5
configure:7763: $? = 0
configure:7960: checking for mt
configure:7981: found /usr/bin/mt
configure:7992: result: mt
configure:8015: checking if mt is a manifest tool
configure:8022: mt '-?'
configure:8030: result: no
configure:8760: checking for stdio.h
configure:8760: gcc -c -g -O2  conftest.c >&5
configure:8760: $? = 0
configure:8760: result: yes
configure:8760: checking for stdlib.h
configure:8760: gcc -c -g -O2  conftest.c >&5
configure:8760: $? = 0
configure:8760: result: yes
configure:8760: checking for string.h
configure:8760: gcc -c -g -O2  conftest.c >&5
configure:8760: $? = 0
configure:8760: result: yes
configure:8760: checking for inttypes.h
configure:8760: gcc -c -g -O2  conftest.c >&5
configure:8760: $? = 0
configure:8760: result: yes
configure:8760: checking for stdint.h
configure:8760: gcc -c -g -O2  conftest.c >&5
configure:8760: $? = 0
configure:8760: result: yes
configure:8760: checking for strings.h
configure:8760: gcc -c -g -O2  conftest.c >&5
configure:8760: $? = 0
configure:8760: result: yes
configure:8760: checking for sys/stat.h
configure:8760: gcc -c -g -O2  conftest.c >&5
configure:8760: $? = 0
configure:8760: result: yes
configure:8760: checking for sys/types.h
configure:8760: gcc -c -g -O2  conftest.c >&5
configure:8760: $? = 0
configure:8760: result: yes
configure:8760: checking for unistd.h
configure:8760: gcc -c -g -O2  conftest.c >&5
configure:8760: $? = 0
configure:8760: result: yes
configure:8785: checking for dlfcn.h
configure:8785: gcc -c -g -O2  conftest.c >&5
configure:8785: $? = 0
configure:8785: result: yes
configure:9042: checking for objdir
configure:9058: result: .libs
configure:9318: checking if gcc supports -fno-rtti -fno-exceptions
configure:9337: gcc -c -g -O2  -fno-rtti -fno-exceptions conftest.c >&5
cc1: warning: command-line option '-fno-rtti' is valid for C++/D/ObjC++ but not for C
configure:9341: $? = 0
configure:9354: result: no
configure:9718: checking for gcc option to produce PIC
configure:9726: result: -fPIC -DPIC
configure:9734: checking if gcc PIC flag -fPIC -DPIC works
configure:9753: gcc -c -g -O2  -fPIC -DPIC -DPIC conftest.c >&5
configure:9757: $? = 0
configure:9770: result: yes
configure:9799: checking if gcc static flag -static works
configure:9828: result: yes
configure:9843: checking if gcc supports -c -o file.o
configure:9865: gcc -c -g -O2  -o out/conftest2.o conftest.c >&5
configure:9869: $? = 0
configure:9891: result: yes
configure:9899: checking if gcc supports -c -o file.o
configure:9947: result: yes
configure:9980: checking whether the gcc linker (/usr/bin/ld -m elf_x86_64) supports shared libraries
configure:11250: result: yes
configure:11287: checking whether -lc should be explicitly linked in
configure:11296: gcc -c -g -O2  conftest.c >&5
configure:11299: $? = 0
configure:11314: gcc -shared  -fPIC -DPIC conftest.o  -v -Wl,-soname -Wl,conftest -o conftest 2\>\&1 \| /usr/bin/grep  -lc  \>/dev/null 2\>\&1
configure:11317: $? = 0
configure:11331: result: no
configure:11491: checking dynamic linker characteristics
configure:12073: gcc -o conftest -g -O2   -Wl,-rpath -Wl,/foo conftest.c  >&5
configure:12073: $? = 0
configure:12324: result: GNU/Linux ld.so
configure:12446: checking how to hardcode library paths into programs
configure:12471: result: immediate
configure:13023: checking whether stripping libraries is possible
configure:13028: result: yes
configure:13063: checking if libtool supports shared libraries
configure:13065: result: yes
configure:13068: checking whether to build shared libraries
configure:13093: result: yes
configure:13096: checking whether to build static libraries
configure:13100: result: yes
configure:13138: checking for ldexp in -lm
configure:13161: gcc -o conftest -g -O2   conftest.c -lm   >&5
conftest.c:27:6: warning: conflicting types for built-in function 'ldexp'; expected 'double(double,  int)' [-Wbuiltin-declaration-mismatch]
   27 | char ldexp ();
      |      ^~~~~
conftest.c:1:1: note: 'ldexp' is declared in header '<math.h>'
    1 | /* confdefs.h */
configure:13161: $? = 0
configure:13171: result: yes
configure:13182: checking for alOpenPort in -laudio
configure:13205: gcc -o conftest -g -O2   conftest.c -laudio  -lm  >&5
/usr/bin/ld: cannot find -laudio: No such file or directory
collect2: error: ld returned 1 exit status
configure:13205: $? = 1
configure: failed program was:
| /* confdefs.h */
| #define PACKAGE_NAME ""
| #define PACKAGE_TARNAME ""
| #define PACKAGE_VERSION ""
| #define PACKAGE_STRING ""
| #define PACKAGE_BUGREPORT ""
| #define PACKAGE_URL ""
| #define PACKAGE "audiofile"
| #define VERSION "0.2.7"
| #define HAVE_STDIO_H 1
| #define HAVE_STDLIB_H 1
| #define HAVE_STRING_H 1
| #define HAVE_INTTYPES_H 1
| #define HAVE_STDINT_H 1
| #define HAVE_STRINGS_H 1
| #define HAVE_SYS_STAT_H 1
| #define HAVE_SYS_TYPES_H 1
| #define HAVE_UNISTD_H 1
| #define STDC_HEADERS 1
| #define HAVE_DLFCN_H 1
| #define LT_OBJDIR ".libs/"
| #define HAVE_LIBM 1
| /* end confdefs.h.  */
| 
| /* Override any GCC internal prototype to avoid an error.
|    Use char because int might match the return type of a GCC
|    builtin and then its argument prototype would still apply.  */
| char alOpenPort ();
| int
| main (void)
| {
| return alOpenPort ();
|   ;
|   return 0;
| }
configure:13215: result: no
configure:13227: checking for egrep
configure:13295: result: /usr/bin/grep -E
configure:13301: checking for fcntl.h
configure:13301: gcc -c -g -O2  conftest.c >&5
configure:13301: $? = 0
configure:13301: result: yes
configure:13307: checking for unistd.h
configure:13307: result: yes
configure:13315: checking for an ANSI C-conforming const
configure:13382: gcc -c -g -O2  conftest.c >&5
configure:13382: $? = 0
configure:13390: result: yes
configure:13398: checking whether byte ordering is bigendian
configure:13414: gcc -c -g -O2  conftest.c >&5
conftest.c:27:16: error: unknown type name 'not'
   27 |                not a universal capable compiler
      |                ^~~
conftest.c:27:22: error: expected '=', ',', ';', 'asm' or '__attribute__' before 'universal'
   27 |                not a universal capable compiler
      |                      ^~~~~~~~~
conftest.c:27:22: error: unknown type name 'universal'
configure:13414: $? = 1
configure: failed program was:
| /* confdefs.h */
| #define PACKAGE_NAME ""
| #define PACKAGE_TARNAME ""
| #define PACKAGE_VERSION ""
| #define PACKAGE_STRING ""
| #define PACKAGE_BUGREPORT ""
| #define PACKAGE_URL ""
| #define PACKAGE "audiofile"
| #define VERSION "0.2.7"
| #define HAVE_STDIO_H 1
| #define HAVE_STDLIB_H 1
| #define HAVE_STRING_H 1
| #define HAVE_INTTYPES_H 1
| #define HAVE_STDINT_H 1
| #define HAVE_STRINGS_H 1
| #define HAVE_SYS_STAT_H 1
| #define HAVE_SYS_TYPES_H 1
| #define HAVE_UNISTD_H 1
| #define STDC_HEADERS 1
| #define HAVE_DLFCN_H 1
| #define LT_OBJDIR ".libs/"
| #define HAVE_LIBM 1
| #define HAVE_FCNTL_H 1
| #define HAVE_UNISTD_H 1
| /* end confdefs.h.  */
| #ifndef __APPLE_CC__
| 	       not a universal capable compiler
| 	     #endif
| 	     typedef int dummy;
| 
configure:13460: gcc -c -g -O2  conftest.c >&5
configure:13460: $? = 0
configure:13479: gcc -c -g -O2  conftest.c >&5
conftest.c: In function 'main':
conftest.c:33:18: error: unknown type name 'not'; did you mean 'ino_t'?
   33 |                  not big endian
      |                  ^~~
      |                  ino_t
conftest.c:33:26: error: expected '=', ',', ';', 'asm' or '__attribute__' before 'endian'
   33 |                  not big endian
      |                          ^~~~~~
configure:13479: $? = 1
configure: failed program was:
| /* confdefs.h */
| #define PACKAGE_NAME ""
| #define PACKAGE_TARNAME ""
| #define PACKAGE_VERSION ""
| #define PACKAGE_STRING ""
| #define PACKAGE_BUGREPORT ""
| #define PACKAGE_URL ""
| #define PACKAGE "audiofile"
| #define VERSION "0.2.7"
| #define HAVE_STDIO_H 1
| #define HAVE_STDLIB_H 1
| #define HAVE_STRING_H 1
| #define HAVE_INTTYPES_H 1
| #define HAVE_STDINT_H 1
| #define HAVE_STRINGS_H 1
| #define HAVE_SYS_STAT_H 1
| #define HAVE_SYS_TYPES_H 1
| #define HAVE_UNISTD_H 1
| #define STDC_HEADERS 1
| #define HAVE_DLFCN_H 1
| #define LT_OBJDIR ".libs/"
| #define HAVE_LIBM 1
| #define HAVE_FCNTL_H 1
| #define HAVE_UNISTD_H 1
| /* end confdefs.h.  */
| #include <sys/types.h>
| 		#include <sys/param.h>
| 
| int
| main (void)
| {
| #if BYTE_ORDER != BIG_ENDIAN
| 		 not big endian
| 		#endif
| 
|   ;
|   return 0;
| }
configure:13613: result: no
configure:13839: checking for off_t
configure:13839: gcc -c -g -O2  conftest.c >&5
configure:13839: $? = 0
configure:13839: gcc -c -g -O2  conftest.c >&5
conftest.c: In function 'main':
conftest.c:57:20: error: expected expression before ')' token
   57 | if (sizeof ((off_t)))
      |                    ^
configure:13839: $? = 1
configure: failed program was:
| /* confdefs.h */
| #define PACKAGE_NAME ""
| #define PACKAGE_TARNAME ""
| #define PACKAGE_VERSION ""
| #define PACKAGE_STRING ""
| #define PACKAGE_BUGREPORT ""
| #define PACKAGE_URL ""
| #define PACKAGE "audiofile"
| #define VERSION "0.2.7"
| #define HAVE_STDIO_H 1
| #define HAVE_STDLIB_H 1
| #define HAVE_STRING_H 1
| #define HAVE_INTTYPES_H 1
| #define HAVE_STDINT_H 1
| #define HAVE_STRINGS_H 1
| #define HAVE_SYS_STAT_H 1
| #define HAVE_SYS_TYPES_H 1
| #define HAVE_UNISTD_H 1
| #define STDC_HEADERS 1
| #define HAVE_DLFCN_H 1
| #define LT_OBJDIR ".libs/"
| #define HAVE_LIBM 1
| #define HAVE_FCNTL_H 1
| #define HAVE_UNISTD_H 1
| /* end confdefs.h.  */
| #include <stddef.h>
| #ifdef HAVE_STDIO_H
| # include <stdio.h>
| #endif
| #ifdef HAVE_STDLIB_H
| # include <stdlib.h>
| #endif
| #ifdef HAVE_STRING_H
| # include <string.h>
| #endif
| #ifdef HAVE_INTTYPES_H
| # include <inttypes.h>
| #endif
| #ifdef HAVE_STDINT_H
| # include <stdint.h>
| #endif
| #ifdef HAVE_STRINGS_H
| # include <strings.h>
| #endif
| #ifdef HAVE_SYS_TYPES_H
| # include <sys/types.h>
| #endif
| #ifdef HAVE_SYS_STAT_H
| # include <sys/stat.h>
| #endif
| #ifdef HAVE_UNISTD_H
| # include <unistd.h>
| #endif
| int
| main (void)
| {
| if (sizeof ((off_t)))
| 	    return 0;
|   ;
|   return 0;
| }
configure:13839: result: yes
configure:13849: checking for size_t
configure:13849: gcc -c -g -O2  conftest.c >&5
configure:13849: $? = 0
configure:13849: gcc -c -g -O2  conftest.c >&5
conftest.c: In function 'main':
conftest.c:57:21: error: expected expression before ')' token
   57 | if (sizeof ((size_t)))
      |                     ^
configure:13849: $? = 1
configure: failed program was:
| /* confdefs.h */
| #define PACKAGE_NAME ""
| #define PACKAGE_TARNAME ""
| #define PACKAGE_VERSION ""
| #define PACKAGE_STRING ""
| #define PACKAGE_BUGREPORT ""
| #define PACKAGE_URL ""
| #define PACKAGE "audiofile"
| #define VERSION "0.2.7"
| #define HAVE_STDIO_H 1
| #define HAVE_STDLIB_H 1
| #define HAVE_STRING_H 1
| #define HAVE_INTTYPES_H 1
| #define HAVE_STDINT_H 1
| #define HAVE_STRINGS_H 1
| #define HAVE_SYS_STAT_H 1
| #define HAVE_SYS_TYPES_H 1
| #define HAVE_UNISTD_H 1
| #define STDC_HEADERS 1
| #define HAVE_DLFCN_H 1
| #define LT_OBJDIR ".libs/"
| #define HAVE_LIBM 1
| #define HAVE_FCNTL_H 1
| #define HAVE_UNISTD_H 1
| /* end confdefs.h.  */
| #include <stddef.h>
| #ifdef HAVE_STDIO_H
| # include <stdio.h>
| #endif
| #ifdef HAVE_STDLIB_H
| # include <stdlib.h>
| #endif
| #ifdef HAVE_STRING_H
| # include <string.h>
| #endif
| #ifdef HAVE_INTTYPES_H
| # include <inttypes.h>
| #endif
| #ifdef HAVE_STDINT_H
| # include <stdint.h>
| #endif
| #ifdef HAVE_STRINGS_H
| # include <strings.h>
| #endif
| #ifdef HAVE_SYS_TYPES_H
| # include <sys/types.h>
| #endif
| #ifdef HAVE_SYS_STAT_H
| # include <sys/stat.h>
| #endif
| #ifdef HAVE_UNISTD_H
| # include <unistd.h>
| #endif
| int
| main (void)
| {
| if (sizeof ((size_t)))
| 	    return 0;
|   ;
|   return 0;
| }
configure:13849: result: yes
configure:13864: checking size of off_t
configure:13870: gcc -o conftest -g -O2   conftest.c -lm  >&5
configure:13870: $? = 0
configure:13870: ./conftest
configure:13870: $? = 0
configure:13885: result: 8
configure:13897: checking size of size_t
configure:13903: gcc -o conftest -g -O2   conftest.c -lm  >&5
configure:13903: $? = 0
configure:13903: ./conftest
configure:13903: $? = 0
configure:13918: result: 8
configure:13930: checking size of long
configure:13936: gcc -o conftest -g -O2   conftest.c -lm  >&5
configure:13936: $? = 0
configure:13936: ./conftest
configure:13936: $? = 0
configure:13951: result: 8
configure:13960: checking for uint8_t
configure:13960: gcc -c -g -O2  conftest.c >&5
configure:13960: $? = 0
configure:13960: gcc -c -g -O2  conftest.c >&5
conftest.c: In function 'main':
conftest.c:60:22: error: expected expression before ')' token
   60 | if (sizeof ((uint8_t)))
      |                      ^
configure:13960: $? = 1
configure: failed program was:
| /* confdefs.h */
| #define PACKAGE_NAME ""
| #define PACKAGE_TARNAME ""
| #define PACKAGE_VERSION ""
| #define PACKAGE_STRING ""
| #define PACKAGE_BUGREPORT ""
| #define PACKAGE_URL ""
| #define PACKAGE "audiofile"
| #define VERSION "0.2.7"
| #define HAVE_STDIO_H 1
| #define HAVE_STDLIB_H 1
| #define HAVE_STRING_H 1
| #define HAVE_INTTYPES_H 1
| #define HAVE_STDINT_H 1
| #define HAVE_STRINGS_H 1
| #define HAVE_SYS_STAT_H 1
| #define HAVE_SYS_TYPES_H 1
| #define HAVE_UNISTD_H 1
| #define STDC_HEADERS 1
| #define HAVE_DLFCN_H 1
| #define LT_OBJDIR ".libs/"
| #define HAVE_LIBM 1
| #define HAVE_FCNTL_H 1
| #define HAVE_UNISTD_H 1
| #define SIZEOF_OFF_T 8
| #define SIZEOF_SIZE_T 8
| #define SIZEOF_LONG 8
| /* end confdefs.h.  */
| #include <stddef.h>
| #ifdef HAVE_STDIO_H
| # include <stdio.h>
| #endif
| #ifdef HAVE_STDLIB_H
| # include <stdlib.h>
| #endif
| #ifdef HAVE_STRING_H
| # include <string.h>
| #endif
| #ifdef HAVE_INTTYPES_H
| # include <inttypes.h>
| #endif
| #ifdef HAVE_STDINT_H
| # include <stdint.h>
| #endif
| #ifdef HAVE_STRINGS_H
| # include <strings.h>
| #endif
| #ifdef HAVE_SYS_TYPES_H
| # include <sys/types.h>
| #endif
| #ifdef HAVE_SYS_STAT_H
| # include <sys/stat.h>
| #endif
| #ifdef HAVE_UNISTD_H
| # include <unistd.h>
| #endif
| int
| main (void)
| {
| if (sizeof ((uint8_t)))
| 	    return 0;
|   ;
|   return 0;
| }
configure:13960: result: yes
configure:13970: checking for uint16_t
configure:13970: gcc -c -g -O2  conftest.c >&5
configure:13970: $? = 0
configure:13970: gcc -c -g -O2  conftest.c >&5
conftest.c: In function 'main':
conftest.c:60:23: error: expected expression before ')' token
   60 | if (sizeof ((uint16_t)))
      |                       ^
configure:13970: $? = 1
configure: failed program was:
| /* confdefs.h */
| #define PACKAGE_NAME ""
| #define PACKAGE_TARNAME ""
| #define PACKAGE_VERSION ""
| #define PACKAGE_STRING ""
| #define PACKAGE_BUGREPORT ""
| #define PACKAGE_URL ""
| #define PACKAGE "audiofile"
| #define VERSION "0.2.7"
| #define HAVE_STDIO_H 1
| #define HAVE_STDLIB_H 1
| #define HAVE_STRING_H 1
| #define HAVE_INTTYPES_H 1
| #define HAVE_STDINT_H 1
| #define HAVE_STRINGS_H 1
| #define HAVE_SYS_STAT_H 1
| #define HAVE_SYS_TYPES_H 1
| #define HAVE_UNISTD_H 1
| #define STDC_HEADERS 1
| #define HAVE_DLFCN_H 1
| #define LT_OBJDIR ".libs/"
| #define HAVE_LIBM 1
| #define HAVE_FCNTL_H 1
| #define HAVE_UNISTD_H 1
| #define SIZEOF_OFF_T 8
| #define SIZEOF_SIZE_T 8
| #define SIZEOF_LONG 8
| /* end confdefs.h.  */
| #include <stddef.h>
| #ifdef HAVE_STDIO_H
| # include <stdio.h>
| #endif
| #ifdef HAVE_STDLIB_H
| # include <stdlib.h>
| #endif
| #ifdef HAVE_STRING_H
| # include <string.h>
| #endif
| #ifdef HAVE_INTTYPES_H
| # include <inttypes.h>
| #endif
| #ifdef HAVE_STDINT_H
| # include <stdint.h>
| #endif
| #ifdef HAVE_STRINGS_H
| # include <strings.h>
| #endif
| #ifdef HAVE_SYS_TYPES_H
| # include <sys/types.h>
| #endif
| #ifdef HAVE_SYS_STAT_H
| # include <sys/stat.h>
| #endif
| #ifdef HAVE_UNISTD_H
| # include <unistd.h>
| #endif
| int
| main (void)
| {
| if (sizeof ((uint16_t)))
| 	    return 0;
|   ;
|   return 0;
| }
configure:13970: result: yes
configure:13980: checking for uint32_t
configure:13980: gcc -c -g -O2  conftest.c >&5
configure:13980: $? = 0
configure:13980: gcc -c -g -O2  conftest.c >&5
conftest.c: In function 'main':
conftest.c:60:23: error: expected expression before ')' token
   60 | if (sizeof ((uint32_t)))
      |                       ^
configure:13980: $? = 1
configure: failed program was:
| /* confdefs.h */
| #define PACKAGE_NAME ""
| #define PACKAGE_TARNAME ""
| #define PACKAGE_VERSION ""
| #define PACKAGE_STRING ""
| #define PACKAGE_BUGREPORT ""
| #define PACKAGE_URL ""
| #define PACKAGE "audiofile"
| #define VERSION "0.2.7"
| #define HAVE_STDIO_H 1
| #define HAVE_STDLIB_H 1
| #define HAVE_STRING_H 1
| #define HAVE_INTTYPES_H 1
| #define HAVE_STDINT_H 1
| #define HAVE_STRINGS_H 1
| #define HAVE_SYS_STAT_H 1
| #define HAVE_SYS_TYPES_H 1
| #define HAVE_UNISTD_H 1
| #define STDC_HEADERS 1
| #define HAVE_DLFCN_H 1
| #define LT_OBJDIR ".libs/"
| #define HAVE_LIBM 1
| #define HAVE_FCNTL_H 1
| #define HAVE_UNISTD_H 1
| #define SIZEOF_OFF_T 8
| #define SIZEOF_SIZE_T 8
| #define SIZEOF_LONG 8
| /* end confdefs.h.  */
| #include <stddef.h>
| #ifdef HAVE_STDIO_H
| # include <stdio.h>
| #endif
| #ifdef HAVE_STDLIB_H
| # include <stdlib.h>
| #endif
| #ifdef HAVE_STRING_H
| # include <string.h>
| #endif
| #ifdef HAVE_INTTYPES_H
| # include <inttypes.h>
| #endif
| #ifdef HAVE_STDINT_H
| # include <stdint.h>
| #endif
| #ifdef HAVE_STRINGS_H
| # include <strings.h>
| #endif
| #ifdef HAVE_SYS_TYPES_H
| # include <sys/types.h>
| #endif
| #ifdef HAVE_SYS_STAT_H
| # include <sys/stat.h>
| #endif
| #ifdef HAVE_UNISTD_H
| # include <unistd.h>
| #endif
| int
| main (void)
| {
| if (sizeof ((uint32_t)))
| 	    return 0;
|   ;
|   return 0;
| }
configure:13980: result: yes
configure:13990: checking for int8_t
configure:13990: gcc -c -g -O2  conftest.c >&5
configure:13990: $? = 0
configure:13990: gcc -c -g -O2  conftest.c >&5
conftest.c: In function 'main':
conftest.c:60:21: error: expected expression before ')' token
   60 | if (sizeof ((int8_t)))
      |                     ^
configure:13990: $? = 1
configure: failed program was:
| /* confdefs.h */
| #define PACKAGE_NAME ""
| #define PACKAGE_TARNAME ""
| #define PACKAGE_VERSION ""
| #define PACKAGE_STRING ""
| #define PACKAGE_BUGREPORT ""
| #define PACKAGE_URL ""
| #define PACKAGE "audiofile"
| #define VERSION "0.2.7"
| #define HAVE_STDIO_H 1
| #define HAVE_STDLIB_H 1
| #define HAVE_STRING_H 1
| #define HAVE_INTTYPES_H 1
| #define HAVE_STDINT_H 1
| #define HAVE_STRINGS_H 1
| #define HAVE_SYS_STAT_H 1
| #define HAVE_SYS_TYPES_H 1
| #define HAVE_UNISTD_H 1
| #define STDC_HEADERS 1
| #define HAVE_DLFCN_H 1
| #define LT_OBJDIR ".libs/"
| #define HAVE_LIBM 1
| #define HAVE_FCNTL_H 1
| #define HAVE_UNISTD_H 1
| #define SIZEOF_OFF_T 8
| #define SIZEOF_SIZE_T 8
| #define SIZEOF_LONG 8
| /* end confdefs.h.  */
| #include <stddef.h>
| #ifdef HAVE_STDIO_H
| # include <stdio.h>
| #endif
| #ifdef HAVE_STDLIB_H
| # include <stdlib.h>
| #endif
| #ifdef HAVE_STRING_H
| # include <string.h>
| #endif
| #ifdef HAVE_INTTYPES_H
| # include <inttypes.h>
| #endif
| #ifdef HAVE_STDINT_H
| # include <stdint.h>
| #endif
| #ifdef HAVE_STRINGS_H
| # include <strings.h>
| #endif
| #ifdef HAVE_SYS_TYPES_H
| # include <sys/types.h>
| #endif
| #ifdef HAVE_SYS_STAT_H
| # include <sys/stat.h>
| #endif
| #ifdef HAVE_UNISTD_H
| # include <unistd.h>
| #endif
| int
| main (void)
| {
| if (sizeof ((int8_t)))
| 	    return 0;
|   ;
|   return 0;
| }
configure:13990: result: yes
configure:14000: checking for int16_t
configure:14000: gcc -c -g -O2  conftest.c >&5
configure:14000: $? = 0
configure:14000: gcc -c -g -O2  conftest.c >&5
conftest.c: In function 'main':
conftest.c:60:22: error: expected expression before ')' token
   60 | if (sizeof ((int16_t)))
      |                      ^
configure:14000: $? = 1
configure: failed program was:
| /* confdefs.h */
| #define PACKAGE_NAME ""
| #define PACKAGE_TARNAME ""
| #define PACKAGE_VERSION ""
| #define PACKAGE_STRING ""
| #define PACKAGE_BUGREPORT ""
| #define PACKAGE_URL ""
| #define PACKAGE "audiofile"
| #define VERSION "0.2.7"
| #define HAVE_STDIO_H 1
| #define HAVE_STDLIB_H 1
| #define HAVE_STRING_H 1
| #define HAVE_INTTYPES_H 1
| #define HAVE_STDINT_H 1
| #define HAVE_STRINGS_H 1
| #define HAVE_SYS_STAT_H 1
| #define HAVE_SYS_TYPES_H 1
| #define HAVE_UNISTD_H 1
| #define STDC_HEADERS 1
| #define HAVE_DLFCN_H 1
| #define LT_OBJDIR ".libs/"
| #define HAVE_LIBM 1
| #define HAVE_FCNTL_H 1
| #define HAVE_UNISTD_H 1
| #define SIZEOF_OFF_T 8
| #define SIZEOF_SIZE_T 8
| #define SIZEOF_LONG 8
| /* end confdefs.h.  */
| #include <stddef.h>
| #ifdef HAVE_STDIO_H
| # include <stdio.h>
| #endif
| #ifdef HAVE_STDLIB_H
| # include <stdlib.h>
| #endif
| #ifdef HAVE_STRING_H
| # include <string.h>
| #endif
| #ifdef HAVE_INTTYPES_H
| # include <inttypes.h>
| #endif
| #ifdef HAVE_STDINT_H
| # include <stdint.h>
| #endif
| #ifdef HAVE_STRINGS_H
| # include <strings.h>
| #endif
| #ifdef HAVE_SYS_TYPES_H
| # include <sys/types.h>
| #endif
| #ifdef HAVE_SYS_STAT_H
| # include <sys/stat.h>
| #endif
| #ifdef HAVE_UNISTD_H
| # include <unistd.h>
| #endif
| int
| main (void)
| {
| if (sizeof ((int16_t)))
| 	    return 0;
|   ;
|   return 0;
| }
configure:14000: result: yes
configure:14010: checking for int32_t
configure:14010: gcc -c -g -O2  conftest.c >&5
configure:14010: $? = 0
configure:14010: gcc -c -g -O2  conftest.c >&5
conftest.c: In function 'main':
conftest.c:60:22: error: expected expression before ')' token
   60 | if (sizeof ((int32_t)))
      |                      ^
configure:14010: $? = 1
configure: failed program was:
| /* confdefs.h */
| #define PACKAGE_NAME ""
| #define PACKAGE_TARNAME ""
| #define PACKAGE_VERSION ""
| #define PACKAGE_STRING ""
| #define PACKAGE_BUGREPORT ""
| #define PACKAGE_URL ""
| #define PACKAGE "audiofile"
| #define VERSION "0.2.7"
| #define HAVE_STDIO_H 1
| #define HAVE_STDLIB_H 1
| #define HAVE_STRING_H 1
| #define HAVE_INTTYPES_H 1
| #define HAVE_STDINT_H 1
| #define HAVE_STRINGS_H 1
| #define HAVE_SYS_STAT_H 1
| #define HAVE_SYS_TYPES_H 1
| #define HAVE_UNISTD_H 1
| #define STDC_HEADERS 1
| #define HAVE_DLFCN_H 1
| #define LT_OBJDIR ".libs/"
| #define HAVE_LIBM 1
| #define HAVE_FCNTL_H 1
| #define HAVE_UNISTD_H 1
| #define SIZEOF_OFF_T 8
| #define SIZEOF_SIZE_T 8
| #define SIZEOF_LONG 8
| /* end confdefs.h.  */
| #include <stddef.h>
| #ifdef HAVE_STDIO_H
| # include <stdio.h>
| #endif
| #ifdef HAVE_STDLIB_H
| # include <stdlib.h>
| #endif
| #ifdef HAVE_STRING_H
| # include <string.h>
| #endif
| #ifdef HAVE_INTTYPES_H
| # include <inttypes.h>
| #endif
| #ifdef HAVE_STDINT_H
| # include <stdint.h>
| #endif
| #ifdef HAVE_STRINGS_H
| # include <strings.h>
| #endif
| #ifdef HAVE_SYS_TYPES_H
| # include <sys/types.h>
| #endif
| #ifdef HAVE_SYS_STAT_H
| # include <sys/stat.h>
| #endif
| #ifdef HAVE_UNISTD_H
| # include <unistd.h>
| #endif
| int
| main (void)
| {
| if (sizeof ((int32_t)))
| 	    return 0;
|   ;
|   return 0;
| }
configure:14010: result: yes
configure:14026: checking how to run the C preprocessor
configure:14052: gcc -E  conftest.c
configure:14052: $? = 0
configure:14067: gcc -E  conftest.c
conftest.c:29:10: fatal error: ac_nonexistent.h: No such file or directory
   29 | #include <ac_nonexistent.h>
      |          ^~~~~~~~~~~~~~~~~~
compilation terminated.
configure:14067: $? = 1
configure: failed program was:
| /* confdefs.h */
| #define PACKAGE_NAME ""
| #define PACKAGE_TARNAME ""
| #define PACKAGE_VERSION ""
| #define PACKAGE_STRING ""
| #define PACKAGE_BUGREPORT ""
| #define PACKAGE_URL ""
| #define PACKAGE "audiofile"
| #define VERSION "0.2.7"
| #define HAVE_STDIO_H 1
| #define HAVE_STDLIB_H 1
| #define HAVE_STRING_H 1
| #define HAVE_INTTYPES_H 1
| #define HAVE_STDINT_H 1
| #define HAVE_STRINGS_H 1
| #define HAVE_SYS_STAT_H 1
| #define HAVE_SYS_TYPES_H 1
| #define HAVE_UNISTD_H 1
| #define STDC_HEADERS 1
| #define HAVE_DLFCN_H 1
| #define LT_OBJDIR ".libs/"
| #define HAVE_LIBM 1
| #define HAVE_FCNTL_H 1
| #define HAVE_UNISTD_H 1
| #define SIZEOF_OFF_T 8
| #define SIZEOF_SIZE_T 8
| #define SIZEOF_LONG 8
| /* end confdefs.h.  */
| #include <ac_nonexistent.h>
configure:14094: result: gcc -E
configure:14108: gcc -E  conftest.c
configure:14108: $? = 0
configure:14123: gcc -E  conftest.c
conftest.c:29:10: fatal error: ac_nonexistent.h: No such file or directory
   29 | #include <ac_nonexistent.h>
      |          ^~~~~~~~~~~~~~~~~~
compilation terminated.
configure:14123: $? = 1
configure: failed program was:
| /* confdefs.h */
| #define PACKAGE_NAME ""
| #define PACKAGE_TARNAME ""
| #define PACKAGE_VERSION ""
| #define PACKAGE_STRING ""
| #define PACKAGE_BUGREPORT ""
| #define PACKAGE_URL ""
| #define PACKAGE "audiofile"
| #define VERSION "0.2.7"
| #define HAVE_STDIO_H 1
| #define HAVE_STDLIB_H 1
| #define HAVE_STRING_H 1
| #define HAVE_INTTYPES_H 1
| #define HAVE_STDINT_H 1
| #define HAVE_STRINGS_H 1
| #define HAVE_SYS_STAT_H 1
| #define HAVE_SYS_TYPES_H 1
| #define HAVE_UNISTD_H 1
| #define STDC_HEADERS 1
| #define HAVE_DLFCN_H 1
| #define LT_OBJDIR ".libs/"
| #define HAVE_LIBM 1
| #define HAVE_FCNTL_H 1
| #define HAVE_UNISTD_H 1
| #define SIZEOF_OFF_T 8
| #define SIZEOF_SIZE_T 8
| #define SIZEOF_LONG 8
| /* end confdefs.h.  */
| #include <ac_nonexistent.h>
configure:14155: checking whether gcc needs -traditional
configure:14192: result: no
configure:14199: checking for working memcmp
configure:14244: gcc -o conftest -g -O2   conftest.c -lm  >&5
configure:14244: $? = 0
configure:14244: ./conftest
configure:14244: $? = 0
configure:14255: result: yes
configure:14264: checking for strdup
configure:14264: gcc -o conftest -g -O2   conftest.c -lm  >&5
conftest.c:45:6: warning: conflicting types for built-in function 'strdup'; expected 'char *(const char *)' [-Wbuiltin-declaration-mismatch]
   45 | char strdup ();
      |      ^~~~~~
configure:14264: $? = 0
configure:14264: result: yes
configure:14273: checking for platform specific tests to compile
configure:14291: result: linux
configure:14400: checking that generated files are newer than configure
configure:14406: result: done
configure:14430: creating ./config.status

## ---------------------- ##
## Running config.status. ##
## ---------------------- ##

This file was extended by config.status, which was
generated by GNU Autoconf 2.71.  Invocation command line was

  CONFIG_FILES    = 
  CONFIG_HEADERS  = 
  CONFIG_LINKS    = 
  CONFIG_COMMANDS = 
  $ ./config.status 

on node-008

config.status:1107: creating audiofile.spec
config.status:1107: creating audiofile.pc
config.status:1107: creating sfcommands/Makefile
config.status:1107: creating test/Makefile
config.status:1107: creating examples/Makefile
config.status:1107: creating libaudiofile/Makefile
config.status:1107: creating libaudiofile/modules/Makefile
config.status:1107: creating docs/Makefile
config.status:1107: creating win32/Makefile
config.status:1107: creating Makefile
config.status:1107: creating audiofile-config
config.status:1107: creating config.h
config.status:1336: executing depfiles commands
config.status:1413: cd sfcommands       && sed -e '/# am--include-marker/d' Makefile         | make -f - am--depfiles
config.status:1418: $? = 0
config.status:1413: cd test       && sed -e '/# am--include-marker/d' Makefile         | make -f - am--depfiles
config.status:1418: $? = 0
config.status:1413: cd examples       && sed -e '/# am--include-marker/d' Makefile         | make -f - am--depfiles
config.status:1418: $? = 0
config.status:1413: cd libaudiofile       && sed -e '/# am--include-marker/d' Makefile         | make -f - am--depfiles
config.status:1418: $? = 0
config.status:1413: cd libaudiofile/modules       && sed -e '/# am--include-marker/d' Makefile         | make -f - am--depfiles
config.status:1418: $? = 0
config.status:1336: executing libtool commands
config.status:1336: executing default commands

## ---------------- ##
## Cache variables. ##
## ---------------- ##

ac_cv_build=x86_64-pc-linux-gnu
ac_cv_c_bigendian=no
ac_cv_c_compiler_gnu=yes
ac_cv_c_const=yes
ac_cv_env_CC_set=set
ac_cv_env_CC_value=
ac_cv_env_CFLAGS_set=
ac_cv_env_CFLAGS_value=
ac_cv_env_CPPFLAGS_set=
ac_cv_env_CPPFLAGS_value=
ac_cv_env_CPP_set=
ac_cv_env_CPP_value=
ac_cv_env_LDFLAGS_set=
ac_cv_env_LDFLAGS_value=
ac_cv_env_LIBS_set=
ac_cv_env_LIBS_value=
ac_cv_env_LT_SYS_LIBRARY_PATH_set=
ac_cv_env_LT_SYS_LIBRARY_PATH_value=
ac_cv_env_build_alias_set=
ac_cv_env_build_alias_value=
ac_cv_env_host_alias_set=
ac_cv_env_host_alias_value=
ac_cv_env_target_alias_set=
ac_cv_env_target_alias_value=
ac_cv_func_memcmp_working=yes
ac_cv_func_strdup=yes
ac_cv_header_dlfcn_h=yes
ac_cv_header_fcntl_h=yes
ac_cv_header_inttypes_h=yes
ac_cv_header_stdint_h=yes
ac_cv_header_stdio_h=yes
ac_cv_header_stdlib_h=yes
ac_cv_header_string_h=yes
ac_cv_header_strings_h=yes
ac_cv_header_sys_stat_h=yes
ac_cv_header_sys_types_h=yes
ac_cv_header_unistd_h=yes
ac_cv_host=x86_64-pc-linux-gnu
ac_cv_lib_audio_alOpenPort=no
ac_cv_lib_m_ldexp=yes
ac_cv_objext=o
ac_cv_path_EGREP='/usr/bin/grep -E'
ac_cv_path_FGREP='/usr/bin/grep -F'
ac_cv_path_GREP=/usr/bin/grep
ac_cv_path_SED=/usr/bin/sed
ac_cv_path_install='/usr/bin/install -c'
ac_cv_path_lt_DD=/usr/bin/dd
ac_cv_path_mkdir=/usr/bin/mkdir
ac_cv_prog_AWK=gawk
ac_cv_prog_CPP='gcc -E'
ac_cv_prog_ac_ct_AR=ar
ac_cv_prog_ac_ct_CC=gcc
ac_cv_prog_ac_ct_DLLTOOL=dlltool
ac_cv_prog_ac_ct_MANIFEST_TOOL=mt
ac_cv_prog_ac_ct_OBJDUMP=objdump
ac_cv_prog_ac_ct_RANLIB=ranlib
ac_cv_prog_ac_ct_STRIP=strip
ac_cv_prog_cc_c11=
ac_cv_prog_cc_g=yes
ac_cv_prog_cc_stdc=
ac_cv_prog_gcc_traditional=no
ac_cv_prog_make_make_set=yes
ac_cv_sizeof_long=8
ac_cv_sizeof_off_t=8
ac_cv_sizeof_size_t=8
ac_cv_type_int16_t=yes
ac_cv_type_int32_t=yes
ac_cv_type_int8_t=yes
ac_cv_type_off_t=yes
ac_cv_type_size_t=yes
ac_cv_type_uint16_t=yes
ac_cv_type_uint32_t=yes
ac_cv_type_uint8_t=yes
am_cv_CC_dependencies_compiler_type=gcc3
am_cv_make_support_nested_variables=yes
am_cv_prog_cc_c_o=yes
lt_cv_ar_at_file=@
lt_cv_archive_cmds_need_lc=no
lt_cv_deplibs_check_method=pass_all
lt_cv_file_magic_cmd='$MAGIC_CMD'
lt_cv_file_magic_test_file=
lt_cv_ld_reload_flag=-r
lt_cv_nm_interface='BSD nm'
lt_cv_objdir=.libs
lt_cv_path_LD=/usr/bin/ld
lt_cv_path_NM='/usr/bin/nm -B'
lt_cv_path_mainfest_tool=no
lt_cv_prog_compiler_c_o=yes
lt_cv_prog_compiler_pic='-fPIC -DPIC'
lt_cv_prog_compiler_pic_works=yes
lt_cv_prog_compiler_rtti_exceptions=no
lt_cv_prog_compiler_static_works=yes
lt_cv_prog_gnu_ld=yes
lt_cv_sharedlib_from_linklib_cmd='printf %s\n'
lt_cv_shlibpath_overrides_runpath=yes
lt_cv_sys_global_symbol_pipe='sed -n -e '\''s/^.*[	 ]\([ABCDGIRSTW][ABCDGIRSTW]*\)[	 ][	 ]*\([_A-Za-z][_A-Za-z0-9]*\)$/\1 \2 \2/p'\'' | sed '\''/ __gnu_lto/d'\'''
lt_cv_sys_global_symbol_to_c_name_address='sed -n -e '\''s/^: \(.*\) .*$/  {"\1", (void *) 0},/p'\'' -e '\''s/^[ABCDGIRSTW][ABCDGIRSTW]* .* \(.*\)$/  {"\1", (void *) \&\1},/p'\'''
lt_cv_sys_global_symbol_to_c_name_address_lib_prefix='sed -n -e '\''s/^: \(.*\) .*$/  {"\1", (void *) 0},/p'\'' -e '\''s/^[ABCDGIRSTW][ABCDGIRSTW]* .* \(lib.*\)$/  {"\1", (void *) \&\1},/p'\'' -e '\''s/^[ABCDGIRSTW][ABCDGIRSTW]* .* \(.*\)$/  {"lib\1", (void *) \&\1},/p'\'''
lt_cv_sys_global_symbol_to_cdecl='sed -n -e '\''s/^T .* \(.*\)$/extern int \1();/p'\'' -e '\''s/^[ABCDGIRSTW][ABCDGIRSTW]* .* \(.*\)$/extern char \1;/p'\'''
lt_cv_sys_global_symbol_to_import=
lt_cv_sys_max_cmd_len=1572864
lt_cv_to_host_file_cmd=func_convert_file_noop
lt_cv_to_tool_file_cmd=func_convert_file_noop
lt_cv_truncate_bin='/usr/bin/dd bs=4096 count=1'

## ----------------- ##
## Output variables. ##
## ----------------- ##

ACLOCAL='${SHELL} '\''/opt/project/bintest/audiofile/missing'\'' aclocal-1.16'
AMDEPBACKSLASH='\'
AMDEP_FALSE='#'
AMDEP_TRUE=''
AMTAR='$${TAR-tar}'
AM_BACKSLASH='\'
AM_DEFAULT_V='$(AM_DEFAULT_VERBOSITY)'
AM_DEFAULT_VERBOSITY='1'
AM_V='$(V)'
AR='ar'
AS='as'
AUDIOFILE_MAJOR_VERSION='0'
AUDIOFILE_MICRO_VERSION='7'
AUDIOFILE_MINOR_VERSION='2'
AUDIOFILE_VERSION='0.2.7'
AUDIOFILE_VERSION_INFO='2:7:2'
AUDIO_LIB=''
AUTOCONF='${SHELL} '\''/opt/project/bintest/audiofile/missing'\'' autoconf'
AUTOHEADER='${SHELL} '\''/opt/project/bintest/audiofile/missing'\'' autoheader'
AUTOMAKE='${SHELL} '\''/opt/project/bintest/audiofile/missing'\'' automake-1.16'
AWK='gawk'
CC='gcc'
CCDEPMODE='depmode=gcc3'
CFLAGS='-g -O2'
CPP='gcc -E'
CPPFLAGS=''
CSCOPE='cscope'
CTAGS='ctags'
CYGPATH_W='echo'
DEFS='-DHAVE_CONFIG_H'
DEPDIR='.deps'
DLLTOOL='dlltool'
DSYMUTIL=''
DUMPBIN=''
ECHO_C=''
ECHO_N='-n'
ECHO_T=''
EGREP='/usr/bin/grep -E'
ETAGS='etags'
EXEEXT=''
FGREP='/usr/bin/grep -F'
GREP='/usr/bin/grep'
INSTALL_DATA='${INSTALL} -m 644'
INSTALL_PROGRAM='${INSTALL}'
INSTALL_SCRIPT='${INSTALL}'
INSTALL_STRIP_PROGRAM='$(install_sh) -c -s'
LD='/usr/bin/ld -m elf_x86_64'
LDFLAGS=''
LIBOBJS=''
LIBS='-lm '
LIBTOOL='$(SHELL) $(top_builddir)/libtool'
LIPO=''
LN_S='ln -s'
LTLIBOBJS=''
LT_SYS_LIBRARY_PATH=''
MAKEINFO='${SHELL} '\''/opt/project/bintest/audiofile/missing'\'' makeinfo'
MANIFEST_TOOL=':'
MKDIR_P='/usr/bin/mkdir -p'
NM='/usr/bin/nm -B'
NMEDIT=''
OBJDUMP='objdump'
OBJEXT='o'
OTOOL64=''
OTOOL=''
PACKAGE='audiofile'
PACKAGE_BUGREPORT=''
PACKAGE_NAME=''
PACKAGE_STRING=''
PACKAGE_TARNAME=''
PACKAGE_URL=''
PACKAGE_VERSION=''
PATH_SEPARATOR=':'
RANLIB='ranlib'
SED='/usr/bin/sed'
SET_MAKE=''
SHELL='/bin/bash'
STRIP='strip'
TEST_BIN='linuxtest'
VERSION='0.2.7'
ac_ct_AR='ar'
ac_ct_CC='gcc'
ac_ct_DUMPBIN=''
am__EXEEXT_FALSE=''
am__EXEEXT_TRUE='#'
am__fastdepCC_FALSE='#'
am__fastdepCC_TRUE=''
am__include='include'
am__isrc=''
am__leading_dot='.'
am__nodep='_no'
am__quote=''
am__tar='$${TAR-tar} chof - "$$tardir"'
am__untar='$${TAR-tar} xf -'
bindir='${exec_prefix}/bin'
build='x86_64-pc-linux-gnu'
build_alias=''
build_cpu='x86_64'
build_os='linux-gnu'
build_vendor='pc'
datadir='${datarootdir}'
datarootdir='${prefix}/share'
docdir='${datarootdir}/doc/${PACKAGE}'
dvidir='${docdir}'
exec_prefix='${prefix}'
host='x86_64-pc-linux-gnu'
host_alias=''
host_cpu='x86_64'
host_os='linux-gnu'
host_vendor='pc'
htmldir='${docdir}'
includedir='${prefix}/include'
infodir='${datarootdir}/info'
install_sh='${SHELL} /opt/project/bintest/audiofile/install-sh'
libdir='${exec_prefix}/lib'
libexecdir='${exec_prefix}/libexec'
localedir='${datarootdir}/locale'
localstatedir='${prefix}/var'
mandir='${datarootdir}/man'
mkdir_p='$(MKDIR_P)'
oldincludedir='/usr/include'
pdfdir='${docdir}'
prefix='/usr/local'
program_transform_name='s,x,x,'
psdir='${docdir}'
runstatedir='${localstatedir}/run'
sbindir='${exec_prefix}/sbin'
sharedstatedir='${prefix}/com'
sysconfdir='${prefix}/etc'
target_alias=''

## ----------- ##
## confdefs.h. ##
## ----------- ##

/* confdefs.h */
#define PACKAGE_NAME ""
#define PACKAGE_TARNAME ""
#define PACKAGE_VERSION ""
#define PACKAGE_STRING ""
#define PACKAGE_BUGREPORT ""
#define PACKAGE_URL ""
#define PACKAGE "audiofile"
#define VERSION "0.2.7"
#define HAVE_STDIO_H 1
#define HAVE_STDLIB_H 1
#define HAVE_STRING_H 1
#define HAVE_INTTYPES_H 1
#define HAVE_STDINT_H 1
#define HAVE_STRINGS_H 1
#define HAVE_SYS_STAT_H 1
#define HAVE_SYS_TYPES_H 1
#define HAVE_UNISTD_H 1
#define STDC_HEADERS 1
#define HAVE_DLFCN_H 1
#define LT_OBJDIR ".libs/"
#define HAVE_LIBM 1
#define HAVE_FCNTL_H 1
#define HAVE_UNISTD_H 1
#define SIZEOF_OFF_T 8
#define SIZEOF_SIZE_T 8
#define SIZEOF_LONG 8
#define HAVE_STRDUP 1

configure: exit 0
